# JRE version: 7.0_17-b02
# Java VM: Java HotSpot(TM) 64-Bit Server VM (23.7-b01 mixed mode linux-amd64 compressed oops)
Heap
 PSYoungGen      total 227584K, used 22201K [0x00000000f0000000, 0x0000000100000000, 0x0000000100000000)
  eden space 194944K, 0% used [0x00000000f0000000,0x00000000f0000000,0x00000000fbe60000)
  from space 32640K, 68% used [0x00000000fe020000,0x00000000ff5ce720,0x0000000100000000)
  to   space 33600K, 0% used [0x00000000fbe60000,0x00000000fbe60000,0x00000000fdf30000)
 ParOldGen       total 84032K, used 73305K [0x00000000d0000000, 0x00000000d5210000, 0x00000000f0000000)
  object space 84032K, 87% used [0x00000000d0000000,0x00000000d4796770,0x00000000d5210000)
 PSPermGen       total 55232K, used 55195K [0x00000000c0000000, 0x00000000c35f0000, 0x00000000d0000000)
  object space 55232K, 99% used [0x00000000c0000000,0x00000000c35e6f98,0x00000000c35f0000)
GC Heap History (10 events):
Event: 7.673 GC heap after
Heap after GC invocations=6 (full 0):
 PSYoungGen      total 246464K, used 11474K [0x00000000f0000000, 0x0000000100000000, 0x0000000100000000)
  eden space 230144K, 0% used [0x00000000f0000000,0x00000000f0000000,0x00000000fe0c0000)
  from space 16320K, 70% used [0x00000000ff010000,0x00000000ffb44830,0x0000000100000000)
  to   space 15680K, 0% used [0x00000000fe0c0000,0x00000000fe0c0000,0x00000000ff010000)
 ParOldGen       total 84032K, used 29750K [0x00000000d0000000, 0x00000000d5210000, 0x00000000f0000000)
  object space 84032K, 35% used [0x00000000d0000000,0x00000000d1d0da68,0x00000000d5210000)
 PSPermGen       total 25472K, used 25329K [0x00000000c0000000, 0x00000000c18e0000, 0x00000000d0000000)
  object space 25472K, 99% used [0x00000000c0000000,0x00000000c18bc7b0,0x00000000c18e0000)
}
Event: 10.067 GC heap before
{Heap before GC invocations=7 (full 0):
 PSYoungGen      total 246464K, used 241618K [0x00000000f0000000, 0x0000000100000000, 0x0000000100000000)
  eden space 230144K, 100% used [0x00000000f0000000,0x00000000fe0c0000,0x00000000fe0c0000)
  from space 16320K, 70% used [0x00000000ff010000,0x00000000ffb44830,0x0000000100000000)
  to   space 15680K, 0% used [0x00000000fe0c0000,0x00000000fe0c0000,0x00000000ff010000)
 ParOldGen       total 84032K, used 29750K [0x00000000d0000000, 0x00000000d5210000, 0x00000000f0000000)
  object space 84032K, 35% used [0x00000000d0000000,0x00000000d1d0da68,0x00000000d5210000)
 PSPermGen       total 33920K, used 33838K [0x00000000c0000000, 0x00000000c2120000, 0x00000000d0000000)
  object space 33920K, 99% used [0x00000000c0000000,0x00000000c210b830,0x00000000c2120000)
Event: 10.109 GC heap after
Heap after GC invocations=7 (full 0):
 PSYoungGen      total 245824K, used 15654K [0x00000000f0000000, 0x0000000100000000, 0x0000000100000000)
  eden space 230144K, 0% used [0x00000000f0000000,0x00000000f0000000,0x00000000fe0c0000)
  from space 15680K, 99% used [0x00000000fe0c0000,0x00000000ff009bd8,0x00000000ff010000)
  to   space 16320K, 0% used [0x00000000ff010000,0x00000000ff010000,0x0000000100000000)
 ParOldGen       total 84032K, used 40118K [0x00000000d0000000, 0x00000000d5210000, 0x00000000f0000000)
  object space 84032K, 47% used [0x00000000d0000000,0x00000000d272d8f8,0x00000000d5210000)
 PSPermGen       total 33920K, used 33838K [0x00000000c0000000, 0x00000000c2120000, 0x00000000d0000000)
  object space 33920K, 99% used [0x00000000c0000000,0x00000000c210b830,0x00000000c2120000)
}
Event: 11.913 GC heap before
{Heap before GC invocations=8 (full 0):
 PSYoungGen      total 245824K, used 245798K [0x00000000f0000000, 0x0000000100000000, 0x0000000100000000)
  eden space 230144K, 100% used [0x00000000f0000000,0x00000000fe0c0000,0x00000000fe0c0000)
  from space 15680K, 99% used [0x00000000fe0c0000,0x00000000ff009bd8,0x00000000ff010000)
  to   space 16320K, 0% used [0x00000000ff010000,0x00000000ff010000,0x0000000100000000)
 ParOldGen       total 84032K, used 40118K [0x00000000d0000000, 0x00000000d5210000, 0x00000000f0000000)
  object space 84032K, 47% used [0x00000000d0000000,0x00000000d272d8f8,0x00000000d5210000)
 PSPermGen       total 42752K, used 42561K [0x00000000c0000000, 0x00000000c29c0000, 0x00000000d0000000)
  object space 42752K, 99% used [0x00000000c0000000,0x00000000c2990530,0x00000000c29c0000)
Event: 11.955 GC heap after
Heap after GC invocations=8 (full 0):
 PSYoungGen      total 218304K, used 16307K [0x00000000f0000000, 0x0000000100000000, 0x0000000100000000)
  eden space 201984K, 0% used [0x00000000f0000000,0x00000000f0000000,0x00000000fc540000)
  from space 16320K, 99% used [0x00000000ff010000,0x00000000ffffcc98,0x0000000100000000)
  to   space 30080K, 0% used [0x00000000fc540000,0x00000000fc540000,0x00000000fe2a0000)
 ParOldGen       total 84032K, used 57026K [0x00000000d0000000, 0x00000000d5210000, 0x00000000f0000000)
  object space 84032K, 67% used [0x00000000d0000000,0x00000000d37b09e0,0x00000000d5210000)
 PSPermGen       total 42752K, used 42561K [0x00000000c0000000, 0x00000000c29c0000, 0x00000000d0000000)
  object space 42752K, 99% used [0x00000000c0000000,0x00000000c2990530,0x00000000c29c0000)
}
Event: 13.436 GC heap before
{Heap before GC invocations=9 (full 0):
 PSYoungGen      total 218304K, used 218291K [0x00000000f0000000, 0x0000000100000000, 0x0000000100000000)
  eden space 201984K, 100% used [0x00000000f0000000,0x00000000fc540000,0x00000000fc540000)
  from space 16320K, 99% used [0x00000000ff010000,0x00000000ffffcc98,0x0000000100000000)
  to   space 30080K, 0% used [0x00000000fc540000,0x00000000fc540000,0x00000000fe2a0000)
 ParOldGen       total 84032K, used 57026K [0x00000000d0000000, 0x00000000d5210000, 0x00000000f0000000)
  object space 84032K, 67% used [0x00000000d0000000,0x00000000d37b09e0,0x00000000d5210000)
 PSPermGen       total 52352K, used 52190K [0x00000000c0000000, 0x00000000c3320000, 0x00000000d0000000)
  object space 52352K, 99% used [0x00000000c0000000,0x00000000c32f7810,0x00000000c3320000)
Event: 13.483 GC heap after
Heap after GC invocations=9 (full 0):
 PSYoungGen      total 229504K, used 27475K [0x00000000f0000000, 0x0000000100000000, 0x0000000100000000)
  eden space 201984K, 0% used [0x00000000f0000000,0x00000000f0000000,0x00000000fc540000)
  from space 27520K, 99% used [0x00000000fc540000,0x00000000fe014e60,0x00000000fe020000)
  to   space 32640K, 0% used [0x00000000fe020000,0x00000000fe020000,0x0000000100000000)
 ParOldGen       total 84032K, used 59370K [0x00000000d0000000, 0x00000000d5210000, 0x00000000f0000000)
  object space 84032K, 70% used [0x00000000d0000000,0x00000000d39fa9e0,0x00000000d5210000)
 PSPermGen       total 52352K, used 52190K [0x00000000c0000000, 0x00000000c3320000, 0x00000000d0000000)
  object space 52352K, 99% used [0x00000000c0000000,0x00000000c32f7810,0x00000000c3320000)
}
Event: 14.982 GC heap before
{Heap before GC invocations=10 (full 0):
 PSYoungGen      total 229504K, used 229459K [0x00000000f0000000, 0x0000000100000000, 0x0000000100000000)
  eden space 201984K, 100% used [0x00000000f0000000,0x00000000fc540000,0x00000000fc540000)
  from space 27520K, 99% used [0x00000000fc540000,0x00000000fe014e60,0x00000000fe020000)
  to   space 32640K, 0% used [0x00000000fe020000,0x00000000fe020000,0x0000000100000000)
 ParOldGen       total 84032K, used 59370K [0x00000000d0000000, 0x00000000d5210000, 0x00000000f0000000)
  object space 84032K, 70% used [0x00000000d0000000,0x00000000d39fa9e0,0x00000000d5210000)
 PSPermGen       total 55232K, used 55195K [0x00000000c0000000, 0x00000000c35f0000, 0x00000000d0000000)
  object space 55232K, 99% used [0x00000000c0000000,0x00000000c35e6f98,0x00000000c35f0000)
Event: 15.039 GC heap after
Heap after GC invocations=10 (full 0):
 PSYoungGen      total 227584K, used 22201K [0x00000000f0000000, 0x0000000100000000, 0x0000000100000000)
  eden space 194944K, 0% used [0x00000000f0000000,0x00000000f0000000,0x00000000fbe60000)
  from space 32640K, 68% used [0x00000000fe020000,0x00000000ff5ce720,0x0000000100000000)
  to   space 33600K, 0% used [0x00000000fbe60000,0x00000000fbe60000,0x00000000fdf30000)
 ParOldGen       total 84032K, used 73305K [0x00000000d0000000, 0x00000000d5210000, 0x00000000f0000000)
  object space 84032K, 87% used [0x00000000d0000000,0x00000000d4796770,0x00000000d5210000)
 PSPermGen       total 55232K, used 55195K [0x00000000c0000000, 0x00000000c35f0000, 0x00000000d0000000)
  object space 55232K, 99% used [0x00000000c0000000,0x00000000c35e6f98,0x00000000c35f0000)
}
Event: 15.039 GC heap before
{Heap before GC invocations=11 (full 1):
 PSYoungGen      total 227584K, used 22201K [0x00000000f0000000, 0x0000000100000000, 0x0000000100000000)
  eden space 194944K, 0% used [0x00000000f0000000,0x00000000f0000000,0x00000000fbe60000)
  from space 32640K, 68% used [0x00000000fe020000,0x00000000ff5ce720,0x0000000100000000)
  to   space 33600K, 0% used [0x00000000fbe60000,0x00000000fbe60000,0x00000000fdf30000)
 ParOldGen       total 84032K, used 73305K [0x00000000d0000000, 0x00000000d5210000, 0x00000000f0000000)
  object space 84032K, 87% used [0x00000000d0000000,0x00000000d4796770,0x00000000d5210000)
 PSPermGen       total 55232K, used 55195K [0x00000000c0000000, 0x00000000c35f0000, 0x00000000d0000000)
  object space 55232K, 99% used [0x00000000c0000000,0x00000000c35e6f98,0x00000000c35f0000)

